INFO:     Will watch for changes in these directories: ['/home/soham/documents/petpooja']
INFO:     Uvicorn running on http://127.0.0.1:8000 (Press CTRL+C to quit)
INFO:     Started reloader process [44828] using WatchFiles
INFO:     Started server process [44830]
INFO:     Waiting for application startup.
INFO:     Application startup complete.
2026-02-08 18:11:25,801 INFO sqlalchemy.engine.Engine select pg_catalog.version()
2026-02-08 18:11:25,801 INFO sqlalchemy.engine.Engine [raw sql] ()
2026-02-08 18:11:25,805 INFO sqlalchemy.engine.Engine select current_schema()
2026-02-08 18:11:25,805 INFO sqlalchemy.engine.Engine [raw sql] ()
2026-02-08 18:11:25,807 INFO sqlalchemy.engine.Engine show standard_conforming_strings
2026-02-08 18:11:25,807 INFO sqlalchemy.engine.Engine [raw sql] ()
2026-02-08 18:11:25,810 INFO sqlalchemy.engine.Engine BEGIN (implicit)
2026-02-08 18:11:25,812 INFO sqlalchemy.engine.Engine INSERT INTO restaurants (name, address) VALUES ($1::VARCHAR, $2::VARCHAR) RETURNING restaurants.id
2026-02-08 18:11:25,812 INFO sqlalchemy.engine.Engine [generated in 0.00032s] ('ValidRestaurant', '123 Main St')
2026-02-08 18:11:25,817 INFO sqlalchemy.engine.Engine COMMIT
2026-02-08 18:11:25,825 INFO sqlalchemy.engine.Engine BEGIN (implicit)
2026-02-08 18:11:25,828 INFO sqlalchemy.engine.Engine SELECT restaurants.id, restaurants.name, restaurants.address 
FROM restaurants 
WHERE restaurants.id = $1::INTEGER
2026-02-08 18:11:25,828 INFO sqlalchemy.engine.Engine [generated in 0.00032s] (2,)
2026-02-08 18:11:25,836 INFO sqlalchemy.engine.Engine SELECT menu_items.id AS menu_items_id, menu_items.restaurant_id AS menu_items_restaurant_id, menu_items.name AS menu_items_name, menu_items.description AS menu_items_description, menu_items.price AS menu_items_price, menu_items.tags AS menu_items_tags 
FROM menu_items 
WHERE $1::INTEGER = menu_items.restaurant_id
2026-02-08 18:11:25,836 INFO sqlalchemy.engine.Engine [generated in 0.00032s] (2,)
2026-02-08 18:11:25,838 INFO sqlalchemy.engine.Engine ROLLBACK
INFO:     127.0.0.1:59890 - "POST /api/v1/restaurants/ HTTP/1.1" 500 Internal Server Error
ERROR:    Exception in ASGI application
Traceback (most recent call last):
  File "/home/soham/documents/petpooja/venv/lib/python3.12/site-packages/uvicorn/protocols/http/httptools_impl.py", line 416, in run_asgi
    result = await app(  # type: ignore[func-returns-value]
             ^^^^^^^^^^^^^^^^^^^^^^^^^^^^^^^^^^^^^^^^^^^^^^
  File "/home/soham/documents/petpooja/venv/lib/python3.12/site-packages/uvicorn/middleware/proxy_headers.py", line 60, in __call__
    return await self.app(scope, receive, send)
           ^^^^^^^^^^^^^^^^^^^^^^^^^^^^^^^^^^^^
  File "/home/soham/documents/petpooja/venv/lib/python3.12/site-packages/fastapi/applications.py", line 1138, in __call__
    await super().__call__(scope, receive, send)
  File "/home/soham/documents/petpooja/venv/lib/python3.12/site-packages/starlette/applications.py", line 107, in __call__
    await self.middleware_stack(scope, receive, send)
  File "/home/soham/documents/petpooja/venv/lib/python3.12/site-packages/starlette/middleware/errors.py", line 186, in __call__
    raise exc
  File "/home/soham/documents/petpooja/venv/lib/python3.12/site-packages/starlette/middleware/errors.py", line 164, in __call__
    await self.app(scope, receive, _send)
  File "/home/soham/documents/petpooja/venv/lib/python3.12/site-packages/starlette/middleware/exceptions.py", line 63, in __call__
    await wrap_app_handling_exceptions(self.app, conn)(scope, receive, send)
  File "/home/soham/documents/petpooja/venv/lib/python3.12/site-packages/starlette/_exception_handler.py", line 53, in wrapped_app
    raise exc
  File "/home/soham/documents/petpooja/venv/lib/python3.12/site-packages/starlette/_exception_handler.py", line 42, in wrapped_app
    await app(scope, receive, sender)
  File "/home/soham/documents/petpooja/venv/lib/python3.12/site-packages/fastapi/middleware/asyncexitstack.py", line 18, in __call__
    await self.app(scope, receive, send)
  File "/home/soham/documents/petpooja/venv/lib/python3.12/site-packages/starlette/routing.py", line 716, in __call__
    await self.middleware_stack(scope, receive, send)
  File "/home/soham/documents/petpooja/venv/lib/python3.12/site-packages/starlette/routing.py", line 736, in app
    await route.handle(scope, receive, send)
  File "/home/soham/documents/petpooja/venv/lib/python3.12/site-packages/starlette/routing.py", line 290, in handle
    await self.app(scope, receive, send)
  File "/home/soham/documents/petpooja/venv/lib/python3.12/site-packages/fastapi/routing.py", line 121, in app
    await wrap_app_handling_exceptions(app, request)(scope, receive, send)
  File "/home/soham/documents/petpooja/venv/lib/python3.12/site-packages/starlette/_exception_handler.py", line 53, in wrapped_app
    raise exc
  File "/home/soham/documents/petpooja/venv/lib/python3.12/site-packages/starlette/_exception_handler.py", line 42, in wrapped_app
    await app(scope, receive, sender)
  File "/home/soham/documents/petpooja/venv/lib/python3.12/site-packages/fastapi/routing.py", line 107, in app
    response = await f(request)
               ^^^^^^^^^^^^^^^^
  File "/home/soham/documents/petpooja/venv/lib/python3.12/site-packages/fastapi/routing.py", line 448, in app
    content = await serialize_response(
              ^^^^^^^^^^^^^^^^^^^^^^^^^
  File "/home/soham/documents/petpooja/venv/lib/python3.12/site-packages/fastapi/routing.py", line 286, in serialize_response
    raise ResponseValidationError(
fastapi.exceptions.ResponseValidationError: 1 validation error:
  {'type': 'get_attribute_error', 'loc': ('response', 'menu_items'), 'msg': "Error extracting attribute: MissingGreenlet: greenlet_spawn has not been called; can't call await_only() here. Was IO attempted in an unexpected place? (Background on this error at: https://sqlalche.me/e/20/xd2s)", 'input': <app.models.restaurant.Restaurant object at 0x7ec5b9a5f770>, 'ctx': {'error': "MissingGreenlet: greenlet_spawn has not been called; can't call await_only() here. Was IO attempted in an unexpected place? (Background on this error at: https://sqlalche.me/e/20/xd2s)"}}

  File "/home/soham/documents/petpooja/app/api/v1/endpoints/restaurants.py", line 12, in create_restaurant
    POST /api/v1/restaurants/
WARNING:  WatchFiles detected changes in 'app/api/v1/endpoints/restaurants.py'. Reloading...
INFO:     Shutting down
INFO:     Waiting for application shutdown.
INFO:     Application shutdown complete.
INFO:     Finished server process [44830]
INFO:     Started server process [45039]
INFO:     Waiting for application startup.
INFO:     Application startup complete.
2026-02-08 18:12:06,212 INFO sqlalchemy.engine.Engine select pg_catalog.version()
2026-02-08 18:12:06,212 INFO sqlalchemy.engine.Engine [raw sql] ()
2026-02-08 18:12:06,214 INFO sqlalchemy.engine.Engine select current_schema()
2026-02-08 18:12:06,214 INFO sqlalchemy.engine.Engine [raw sql] ()
2026-02-08 18:12:06,215 INFO sqlalchemy.engine.Engine show standard_conforming_strings
2026-02-08 18:12:06,215 INFO sqlalchemy.engine.Engine [raw sql] ()
2026-02-08 18:12:06,217 INFO sqlalchemy.engine.Engine BEGIN (implicit)
2026-02-08 18:12:06,219 INFO sqlalchemy.engine.Engine INSERT INTO restaurants (name, address) VALUES ($1::VARCHAR, $2::VARCHAR) RETURNING restaurants.id
2026-02-08 18:12:06,219 INFO sqlalchemy.engine.Engine [generated in 0.00018s] ('ValidRestaurant2', '456 Side St')
2026-02-08 18:12:06,222 INFO sqlalchemy.engine.Engine COMMIT
2026-02-08 18:12:06,224 INFO sqlalchemy.engine.Engine BEGIN (implicit)
2026-02-08 18:12:06,225 INFO sqlalchemy.engine.Engine SELECT restaurants.id, restaurants.name, restaurants.address 
FROM restaurants 
WHERE restaurants.id = $1::INTEGER
2026-02-08 18:12:06,225 INFO sqlalchemy.engine.Engine [generated in 0.00015s] (3,)
2026-02-08 18:12:06,229 INFO sqlalchemy.engine.Engine SELECT restaurants.id, restaurants.name, restaurants.address 
FROM restaurants 
WHERE restaurants.id = $1::INTEGER
2026-02-08 18:12:06,229 INFO sqlalchemy.engine.Engine [generated in 0.00018s] (3,)
2026-02-08 18:12:06,231 INFO sqlalchemy.engine.Engine SELECT menu_items.restaurant_id AS menu_items_restaurant_id, menu_items.id AS menu_items_id, menu_items.name AS menu_items_name, menu_items.description AS menu_items_description, menu_items.price AS menu_items_price, menu_items.tags AS menu_items_tags 
FROM menu_items 
WHERE menu_items.restaurant_id IN ($1::INTEGER)
2026-02-08 18:12:06,231 INFO sqlalchemy.engine.Engine [generated in 0.00017s] (3,)
INFO:     127.0.0.1:35062 - "POST /api/v1/restaurants/ HTTP/1.1" 200 OK
2026-02-08 18:12:06,234 INFO sqlalchemy.engine.Engine ROLLBACK
2026-02-08 18:12:29,345 INFO sqlalchemy.engine.Engine BEGIN (implicit)
2026-02-08 18:12:29,346 INFO sqlalchemy.engine.Engine SELECT restaurants.id AS restaurants_id, restaurants.name AS restaurants_name, restaurants.address AS restaurants_address 
FROM restaurants 
WHERE restaurants.id = $1::INTEGER
2026-02-08 18:12:29,346 INFO sqlalchemy.engine.Engine [generated in 0.00023s] (3,)
2026-02-08 18:12:29,349 INFO sqlalchemy.engine.Engine INSERT INTO menu_items (restaurant_id, name, description, price, tags) VALUES ($1::INTEGER, $2::VARCHAR, $3::VARCHAR, $4::FLOAT, $5::JSON) RETURNING menu_items.id
2026-02-08 18:12:29,349 INFO sqlalchemy.engine.Engine [generated in 0.00033s] (3, 'Spicy Taco', 'Very spicy', 5.0, '["spicy", "mexican"]')
2026-02-08 18:12:29,362 INFO sqlalchemy.engine.Engine COMMIT
2026-02-08 18:12:29,363 INFO sqlalchemy.engine.Engine BEGIN (implicit)
2026-02-08 18:12:29,364 INFO sqlalchemy.engine.Engine SELECT menu_items.id, menu_items.restaurant_id, menu_items.name, menu_items.description, menu_items.price, menu_items.tags 
FROM menu_items 
WHERE menu_items.id = $1::INTEGER
2026-02-08 18:12:29,364 INFO sqlalchemy.engine.Engine [generated in 0.00019s] (1,)
INFO:     127.0.0.1:32772 - "POST /api/v1/restaurants/3/menu HTTP/1.1" 200 OK
2026-02-08 18:12:29,368 INFO sqlalchemy.engine.Engine ROLLBACK
2026-02-08 18:12:32,742 INFO sqlalchemy.engine.Engine BEGIN (implicit)
2026-02-08 18:12:32,743 INFO sqlalchemy.engine.Engine INSERT INTO dining_sessions (id, host_id, restaurant_id, status, created_at) VALUES ($1::UUID, $2::UUID, $3::INTEGER, $4::sessionstatus, $5::TIMESTAMP WITHOUT TIME ZONE)
2026-02-08 18:12:32,743 INFO sqlalchemy.engine.Engine [generated in 0.00020s] (UUID('fd974b2d-3142-4d16-b2cc-a8b9d7c7ae19'), UUID('dea4ea33-ac7c-44ce-97ca-ec297b99dcdf'), 3, 'ACTIVE', datetime.datetime(2026, 2, 8, 18, 12, 32, 743416))
2026-02-08 18:12:32,782 INFO sqlalchemy.engine.Engine COMMIT
2026-02-08 18:12:32,784 INFO sqlalchemy.engine.Engine BEGIN (implicit)
2026-02-08 18:12:32,784 INFO sqlalchemy.engine.Engine SELECT dining_sessions.id, dining_sessions.host_id, dining_sessions.restaurant_id, dining_sessions.status, dining_sessions.created_at 
FROM dining_sessions 
WHERE dining_sessions.id = $1::UUID
2026-02-08 18:12:32,784 INFO sqlalchemy.engine.Engine [generated in 0.00013s] (UUID('fd974b2d-3142-4d16-b2cc-a8b9d7c7ae19'),)
2026-02-08 18:12:32,788 INFO sqlalchemy.engine.Engine INSERT INTO session_participants (session_id, user_id, joined_at, is_active) VALUES ($1::UUID, $2::UUID, $3::TIMESTAMP WITHOUT TIME ZONE, $4::BOOLEAN)
2026-02-08 18:12:32,788 INFO sqlalchemy.engine.Engine [generated in 0.00022s] (UUID('fd974b2d-3142-4d16-b2cc-a8b9d7c7ae19'), UUID('dea4ea33-ac7c-44ce-97ca-ec297b99dcdf'), datetime.datetime(2026, 2, 8, 18, 12, 32, 788060), True)
2026-02-08 18:12:32,790 INFO sqlalchemy.engine.Engine COMMIT
INFO:     127.0.0.1:32774 - "POST /api/v1/sessions/?current_user_id=dea4ea33-ac7c-44ce-97ca-ec297b99dcdf HTTP/1.1" 200 OK
2026-02-08 18:12:37,418 INFO sqlalchemy.engine.Engine BEGIN (implicit)
2026-02-08 18:12:37,419 INFO sqlalchemy.engine.Engine INSERT INTO users (id, username, is_guest) VALUES ($1::UUID, $2::VARCHAR, $3::BOOLEAN)
2026-02-08 18:12:37,419 INFO sqlalchemy.engine.Engine [generated in 0.00017s] (UUID('96503553-f7ba-45f4-9a1a-fb433bdea07f'), 'GuestTest', True)
2026-02-08 18:12:37,420 INFO sqlalchemy.engine.Engine COMMIT
2026-02-08 18:12:37,421 INFO sqlalchemy.engine.Engine BEGIN (implicit)
2026-02-08 18:12:37,422 INFO sqlalchemy.engine.Engine SELECT users.id, users.username, users.is_guest 
FROM users 
WHERE users.id = $1::UUID
2026-02-08 18:12:37,422 INFO sqlalchemy.engine.Engine [generated in 0.00012s] (UUID('96503553-f7ba-45f4-9a1a-fb433bdea07f'),)
2026-02-08 18:12:37,424 INFO sqlalchemy.engine.Engine INSERT INTO taste_profiles (user_id, preferences, daringness, dietary_restrictions) VALUES ($1::UUID, $2::JSON, $3::INTEGER, $4::JSON) RETURNING taste_profiles.id
2026-02-08 18:12:37,424 INFO sqlalchemy.engine.Engine [generated in 0.00020s] (UUID('96503553-f7ba-45f4-9a1a-fb433bdea07f'), '[]', 5, '[]')
2026-02-08 18:12:37,427 INFO sqlalchemy.engine.Engine COMMIT
2026-02-08 18:12:37,428 INFO sqlalchemy.engine.Engine BEGIN (implicit)
2026-02-08 18:12:37,428 INFO sqlalchemy.engine.Engine SELECT users.id, users.username, users.is_guest 
FROM users 
WHERE users.id = $1::UUID
2026-02-08 18:12:37,428 INFO sqlalchemy.engine.Engine [generated in 0.00012s] (UUID('96503553-f7ba-45f4-9a1a-fb433bdea07f'),)
2026-02-08 18:12:37,430 INFO sqlalchemy.engine.Engine SELECT taste_profiles.user_id AS taste_profiles_user_id, taste_profiles.id AS taste_profiles_id, taste_profiles.preferences AS taste_profiles_preferences, taste_profiles.daringness AS taste_profiles_daringness, taste_profiles.dietary_restrictions AS taste_profiles_dietary_restrictions 
FROM taste_profiles 
WHERE taste_profiles.user_id IN ($1::UUID)
2026-02-08 18:12:37,430 INFO sqlalchemy.engine.Engine [generated in 0.00020s] (UUID('96503553-f7ba-45f4-9a1a-fb433bdea07f'),)
INFO:     127.0.0.1:59954 - "POST /api/v1/users/guest HTTP/1.1" 200 OK
2026-02-08 18:12:37,434 INFO sqlalchemy.engine.Engine ROLLBACK
2026-02-08 18:17:20,882 INFO sqlalchemy.engine.Engine BEGIN (implicit)
2026-02-08 18:17:20,883 INFO sqlalchemy.engine.Engine SELECT dining_sessions.id AS dining_sessions_id, dining_sessions.host_id AS dining_sessions_host_id, dining_sessions.restaurant_id AS dining_sessions_restaurant_id, dining_sessions.status AS dining_sessions_status, dining_sessions.created_at AS dining_sessions_created_at 
FROM dining_sessions 
WHERE dining_sessions.id = $1::UUID
2026-02-08 18:17:20,883 INFO sqlalchemy.engine.Engine [generated in 0.00026s] (UUID('fd974b2d-3142-4d16-b2cc-a8b9d7c7ae19'),)
2026-02-08 18:17:20,886 INFO sqlalchemy.engine.Engine SELECT session_participants.session_id, session_participants.user_id, session_participants.joined_at, session_participants.is_active 
FROM session_participants 
WHERE session_participants.session_id = $1::UUID AND session_participants.user_id = $2::UUID
2026-02-08 18:17:20,887 INFO sqlalchemy.engine.Engine [generated in 0.00019s] (UUID('fd974b2d-3142-4d16-b2cc-a8b9d7c7ae19'), UUID('96503553-f7ba-45f4-9a1a-fb433bdea07f'))
2026-02-08 18:17:20,889 INFO sqlalchemy.engine.Engine INSERT INTO session_participants (session_id, user_id, joined_at, is_active) VALUES ($1::UUID, $2::UUID, $3::TIMESTAMP WITHOUT TIME ZONE, $4::BOOLEAN)
2026-02-08 18:17:20,889 INFO sqlalchemy.engine.Engine [cached since 264.6s ago] (UUID('fd974b2d-3142-4d16-b2cc-a8b9d7c7ae19'), UUID('96503553-f7ba-45f4-9a1a-fb433bdea07f'), datetime.datetime(2026, 2, 8, 18, 17, 20, 888980), True)
2026-02-08 18:17:20,889 INFO sqlalchemy.engine.Engine COMMIT
INFO:     127.0.0.1:43734 - "POST /api/v1/sessions/fd974b2d-3142-4d16-b2cc-a8b9d7c7ae19/join?current_user_id=96503553-f7ba-45f4-9a1a-fb433bdea07f HTTP/1.1" 200 OK
2026-02-08 18:17:29,596 INFO sqlalchemy.engine.Engine BEGIN (implicit)
2026-02-08 18:17:29,597 INFO sqlalchemy.engine.Engine SELECT users.id, users.username, users.is_guest 
FROM users JOIN session_participants ON users.id = session_participants.user_id 
WHERE session_participants.session_id = $1::UUID
2026-02-08 18:17:29,597 INFO sqlalchemy.engine.Engine [generated in 0.00021s] (UUID('fd974b2d-3142-4d16-b2cc-a8b9d7c7ae19'),)
2026-02-08 18:17:29,601 INFO sqlalchemy.engine.Engine ROLLBACK
INFO:     127.0.0.1:41032 - "GET /api/v1/sessions/fd974b2d-3142-4d16-b2cc-a8b9d7c7ae19/participants HTTP/1.1" 500 Internal Server Error
ERROR:    Exception in ASGI application
Traceback (most recent call last):
  File "/home/soham/documents/petpooja/venv/lib/python3.12/site-packages/uvicorn/protocols/http/httptools_impl.py", line 416, in run_asgi
    result = await app(  # type: ignore[func-returns-value]
             ^^^^^^^^^^^^^^^^^^^^^^^^^^^^^^^^^^^^^^^^^^^^^^
  File "/home/soham/documents/petpooja/venv/lib/python3.12/site-packages/uvicorn/middleware/proxy_headers.py", line 60, in __call__
    return await self.app(scope, receive, send)
           ^^^^^^^^^^^^^^^^^^^^^^^^^^^^^^^^^^^^
  File "/home/soham/documents/petpooja/venv/lib/python3.12/site-packages/fastapi/applications.py", line 1138, in __call__
    await super().__call__(scope, receive, send)
  File "/home/soham/documents/petpooja/venv/lib/python3.12/site-packages/starlette/applications.py", line 107, in __call__
    await self.middleware_stack(scope, receive, send)
  File "/home/soham/documents/petpooja/venv/lib/python3.12/site-packages/starlette/middleware/errors.py", line 186, in __call__
    raise exc
  File "/home/soham/documents/petpooja/venv/lib/python3.12/site-packages/starlette/middleware/errors.py", line 164, in __call__
    await self.app(scope, receive, _send)
  File "/home/soham/documents/petpooja/venv/lib/python3.12/site-packages/starlette/middleware/exceptions.py", line 63, in __call__
    await wrap_app_handling_exceptions(self.app, conn)(scope, receive, send)
  File "/home/soham/documents/petpooja/venv/lib/python3.12/site-packages/starlette/_exception_handler.py", line 53, in wrapped_app
    raise exc
  File "/home/soham/documents/petpooja/venv/lib/python3.12/site-packages/starlette/_exception_handler.py", line 42, in wrapped_app
    await app(scope, receive, sender)
  File "/home/soham/documents/petpooja/venv/lib/python3.12/site-packages/fastapi/middleware/asyncexitstack.py", line 18, in __call__
    await self.app(scope, receive, send)
  File "/home/soham/documents/petpooja/venv/lib/python3.12/site-packages/starlette/routing.py", line 716, in __call__
    await self.middleware_stack(scope, receive, send)
  File "/home/soham/documents/petpooja/venv/lib/python3.12/site-packages/starlette/routing.py", line 736, in app
    await route.handle(scope, receive, send)
  File "/home/soham/documents/petpooja/venv/lib/python3.12/site-packages/starlette/routing.py", line 290, in handle
    await self.app(scope, receive, send)
  File "/home/soham/documents/petpooja/venv/lib/python3.12/site-packages/fastapi/routing.py", line 121, in app
    await wrap_app_handling_exceptions(app, request)(scope, receive, send)
  File "/home/soham/documents/petpooja/venv/lib/python3.12/site-packages/starlette/_exception_handler.py", line 53, in wrapped_app
    raise exc
  File "/home/soham/documents/petpooja/venv/lib/python3.12/site-packages/starlette/_exception_handler.py", line 42, in wrapped_app
    await app(scope, receive, sender)
  File "/home/soham/documents/petpooja/venv/lib/python3.12/site-packages/fastapi/routing.py", line 107, in app
    response = await f(request)
               ^^^^^^^^^^^^^^^^
  File "/home/soham/documents/petpooja/venv/lib/python3.12/site-packages/fastapi/routing.py", line 448, in app
    content = await serialize_response(
              ^^^^^^^^^^^^^^^^^^^^^^^^^
  File "/home/soham/documents/petpooja/venv/lib/python3.12/site-packages/fastapi/routing.py", line 292, in serialize_response
    return field.serialize(
           ^^^^^^^^^^^^^^^^
  File "/home/soham/documents/petpooja/venv/lib/python3.12/site-packages/fastapi/_compat/v2.py", line 172, in serialize
    return self._type_adapter.dump_python(
           ^^^^^^^^^^^^^^^^^^^^^^^^^^^^^^^
  File "/home/soham/documents/petpooja/venv/lib/python3.12/site-packages/pydantic/type_adapter.py", line 605, in dump_python
    return self.serializer.to_python(
           ^^^^^^^^^^^^^^^^^^^^^^^^^^
pydantic_core._pydantic_core.PydanticSerializationError: Unable to serialize unknown type: <class 'app.models.user.User'>
WARNING:  WatchFiles detected changes in 'app/api/v1/endpoints/sessions.py'. Reloading...
INFO:     Shutting down
INFO:     Waiting for application shutdown.
INFO:     Application shutdown complete.
INFO:     Finished server process [45039]
INFO:     Started server process [46179]
INFO:     Waiting for application startup.
INFO:     Application startup complete.
2026-02-08 18:17:55,472 INFO sqlalchemy.engine.Engine select pg_catalog.version()
2026-02-08 18:17:55,473 INFO sqlalchemy.engine.Engine [raw sql] ()
2026-02-08 18:17:55,475 INFO sqlalchemy.engine.Engine select current_schema()
2026-02-08 18:17:55,475 INFO sqlalchemy.engine.Engine [raw sql] ()
2026-02-08 18:17:55,476 INFO sqlalchemy.engine.Engine show standard_conforming_strings
2026-02-08 18:17:55,476 INFO sqlalchemy.engine.Engine [raw sql] ()
2026-02-08 18:17:55,478 INFO sqlalchemy.engine.Engine BEGIN (implicit)
2026-02-08 18:17:55,480 INFO sqlalchemy.engine.Engine SELECT users.id, users.username, users.is_guest 
FROM users JOIN session_participants ON users.id = session_participants.user_id 
WHERE session_participants.session_id = $1::UUID
2026-02-08 18:17:55,480 INFO sqlalchemy.engine.Engine [generated in 0.00017s] (UUID('fd974b2d-3142-4d16-b2cc-a8b9d7c7ae19'),)
2026-02-08 18:17:55,486 INFO sqlalchemy.engine.Engine SELECT taste_profiles.user_id AS taste_profiles_user_id, taste_profiles.id AS taste_profiles_id, taste_profiles.preferences AS taste_profiles_preferences, taste_profiles.daringness AS taste_profiles_daringness, taste_profiles.dietary_restrictions AS taste_profiles_dietary_restrictions 
FROM taste_profiles 
WHERE taste_profiles.user_id IN ($1::UUID, $2::UUID)
2026-02-08 18:17:55,486 INFO sqlalchemy.engine.Engine [generated in 0.00022s] (UUID('dea4ea33-ac7c-44ce-97ca-ec297b99dcdf'), UUID('96503553-f7ba-45f4-9a1a-fb433bdea07f'))
2026-02-08 18:17:55,489 INFO sqlalchemy.engine.Engine ROLLBACK
INFO:     127.0.0.1:36690 - "GET /api/v1/sessions/fd974b2d-3142-4d16-b2cc-a8b9d7c7ae19/participants HTTP/1.1" 500 Internal Server Error
ERROR:    Exception in ASGI application
Traceback (most recent call last):
  File "/home/soham/documents/petpooja/venv/lib/python3.12/site-packages/uvicorn/protocols/http/httptools_impl.py", line 416, in run_asgi
    result = await app(  # type: ignore[func-returns-value]
             ^^^^^^^^^^^^^^^^^^^^^^^^^^^^^^^^^^^^^^^^^^^^^^
  File "/home/soham/documents/petpooja/venv/lib/python3.12/site-packages/uvicorn/middleware/proxy_headers.py", line 60, in __call__
    return await self.app(scope, receive, send)
           ^^^^^^^^^^^^^^^^^^^^^^^^^^^^^^^^^^^^
  File "/home/soham/documents/petpooja/venv/lib/python3.12/site-packages/fastapi/applications.py", line 1138, in __call__
    await super().__call__(scope, receive, send)
  File "/home/soham/documents/petpooja/venv/lib/python3.12/site-packages/starlette/applications.py", line 107, in __call__
    await self.middleware_stack(scope, receive, send)
  File "/home/soham/documents/petpooja/venv/lib/python3.12/site-packages/starlette/middleware/errors.py", line 186, in __call__
    raise exc
  File "/home/soham/documents/petpooja/venv/lib/python3.12/site-packages/starlette/middleware/errors.py", line 164, in __call__
    await self.app(scope, receive, _send)
  File "/home/soham/documents/petpooja/venv/lib/python3.12/site-packages/starlette/middleware/exceptions.py", line 63, in __call__
    await wrap_app_handling_exceptions(self.app, conn)(scope, receive, send)
  File "/home/soham/documents/petpooja/venv/lib/python3.12/site-packages/starlette/_exception_handler.py", line 53, in wrapped_app
    raise exc
  File "/home/soham/documents/petpooja/venv/lib/python3.12/site-packages/starlette/_exception_handler.py", line 42, in wrapped_app
    await app(scope, receive, sender)
  File "/home/soham/documents/petpooja/venv/lib/python3.12/site-packages/fastapi/middleware/asyncexitstack.py", line 18, in __call__
    await self.app(scope, receive, send)
  File "/home/soham/documents/petpooja/venv/lib/python3.12/site-packages/starlette/routing.py", line 716, in __call__
    await self.middleware_stack(scope, receive, send)
  File "/home/soham/documents/petpooja/venv/lib/python3.12/site-packages/starlette/routing.py", line 736, in app
    await route.handle(scope, receive, send)
  File "/home/soham/documents/petpooja/venv/lib/python3.12/site-packages/starlette/routing.py", line 290, in handle
    await self.app(scope, receive, send)
  File "/home/soham/documents/petpooja/venv/lib/python3.12/site-packages/fastapi/routing.py", line 121, in app
    await wrap_app_handling_exceptions(app, request)(scope, receive, send)
  File "/home/soham/documents/petpooja/venv/lib/python3.12/site-packages/starlette/_exception_handler.py", line 53, in wrapped_app
    raise exc
  File "/home/soham/documents/petpooja/venv/lib/python3.12/site-packages/starlette/_exception_handler.py", line 42, in wrapped_app
    await app(scope, receive, sender)
  File "/home/soham/documents/petpooja/venv/lib/python3.12/site-packages/fastapi/routing.py", line 107, in app
    response = await f(request)
               ^^^^^^^^^^^^^^^^
  File "/home/soham/documents/petpooja/venv/lib/python3.12/site-packages/fastapi/routing.py", line 448, in app
    content = await serialize_response(
              ^^^^^^^^^^^^^^^^^^^^^^^^^
  File "/home/soham/documents/petpooja/venv/lib/python3.12/site-packages/fastapi/routing.py", line 292, in serialize_response
    return field.serialize(
           ^^^^^^^^^^^^^^^^
  File "/home/soham/documents/petpooja/venv/lib/python3.12/site-packages/fastapi/_compat/v2.py", line 172, in serialize
    return self._type_adapter.dump_python(
           ^^^^^^^^^^^^^^^^^^^^^^^^^^^^^^^
  File "/home/soham/documents/petpooja/venv/lib/python3.12/site-packages/pydantic/type_adapter.py", line 605, in dump_python
    return self.serializer.to_python(
           ^^^^^^^^^^^^^^^^^^^^^^^^^^
pydantic_core._pydantic_core.PydanticSerializationError: Unable to serialize unknown type: <class 'app.models.user.User'>
WARNING:  WatchFiles detected changes in 'app/api/v1/endpoints/sessions.py'. Reloading...
INFO:     Shutting down
INFO:     Waiting for application shutdown.
INFO:     Application shutdown complete.
INFO:     Finished server process [46179]
Process SpawnProcess-4:
Traceback (most recent call last):
  File "/usr/lib/python3.12/multiprocessing/process.py", line 314, in _bootstrap
    self.run()
  File "/usr/lib/python3.12/multiprocessing/process.py", line 108, in run
    self._target(*self._args, **self._kwargs)
  File "/home/soham/documents/petpooja/venv/lib/python3.12/site-packages/uvicorn/_subprocess.py", line 80, in subprocess_started
    target(sockets=sockets)
  File "/home/soham/documents/petpooja/venv/lib/python3.12/site-packages/uvicorn/server.py", line 67, in run
    return asyncio_run(self.serve(sockets=sockets), loop_factory=self.config.get_loop_factory())
           ^^^^^^^^^^^^^^^^^^^^^^^^^^^^^^^^^^^^^^^^^^^^^^^^^^^^^^^^^^^^^^^^^^^^^^^^^^^^^^^^^^^^^
  File "/usr/lib/python3.12/asyncio/runners.py", line 194, in run
    return runner.run(main)
           ^^^^^^^^^^^^^^^^
  File "/usr/lib/python3.12/asyncio/runners.py", line 118, in run
    return self._loop.run_until_complete(task)
           ^^^^^^^^^^^^^^^^^^^^^^^^^^^^^^^^^^^
  File "uvloop/loop.pyx", line 1518, in uvloop.loop.Loop.run_until_complete
  File "/home/soham/documents/petpooja/venv/lib/python3.12/site-packages/uvicorn/server.py", line 71, in serve
    await self._serve(sockets)
  File "/home/soham/documents/petpooja/venv/lib/python3.12/site-packages/uvicorn/server.py", line 78, in _serve
    config.load()
  File "/home/soham/documents/petpooja/venv/lib/python3.12/site-packages/uvicorn/config.py", line 439, in load
    self.loaded_app = import_from_string(self.app)
                      ^^^^^^^^^^^^^^^^^^^^^^^^^^^^
  File "/home/soham/documents/petpooja/venv/lib/python3.12/site-packages/uvicorn/importer.py", line 19, in import_from_string
    module = importlib.import_module(module_str)
             ^^^^^^^^^^^^^^^^^^^^^^^^^^^^^^^^^^^
  File "/usr/lib/python3.12/importlib/__init__.py", line 90, in import_module
    return _bootstrap._gcd_import(name[level:], package, level)
           ^^^^^^^^^^^^^^^^^^^^^^^^^^^^^^^^^^^^^^^^^^^^^^^^^^^^
  File "<frozen importlib._bootstrap>", line 1387, in _gcd_import
  File "<frozen importlib._bootstrap>", line 1360, in _find_and_load
  File "<frozen importlib._bootstrap>", line 1331, in _find_and_load_unlocked
  File "<frozen importlib._bootstrap>", line 935, in _load_unlocked
  File "<frozen importlib._bootstrap_external>", line 995, in exec_module
  File "<frozen importlib._bootstrap>", line 488, in _call_with_frames_removed
  File "/home/soham/documents/petpooja/app/main.py", line 3, in <module>
    from app.api.api_v1.api import api_router
  File "/home/soham/documents/petpooja/app/api/api_v1/api.py", line 2, in <module>
    from app.api.v1.endpoints import users, restaurants, sessions
  File "/home/soham/documents/petpooja/app/api/v1/endpoints/sessions.py", line 70, in <module>
    @router.get("/{session_id}/participants", response_model=List[UserRead]) # Use UserRead schema
                                                                  ^^^^^^^^
NameError: name 'UserRead' is not defined
WARNING:  WatchFiles detected changes in 'app/api/v1/endpoints/sessions.py'. Reloading...
INFO:     Started server process [46824]
INFO:     Waiting for application startup.
INFO:     Application startup complete.
2026-02-08 18:19:37,099 INFO sqlalchemy.engine.Engine select pg_catalog.version()
2026-02-08 18:19:37,099 INFO sqlalchemy.engine.Engine [raw sql] ()
2026-02-08 18:19:37,115 INFO sqlalchemy.engine.Engine select current_schema()
2026-02-08 18:19:37,115 INFO sqlalchemy.engine.Engine [raw sql] ()
2026-02-08 18:19:37,116 INFO sqlalchemy.engine.Engine show standard_conforming_strings
2026-02-08 18:19:37,116 INFO sqlalchemy.engine.Engine [raw sql] ()
2026-02-08 18:19:37,117 INFO sqlalchemy.engine.Engine BEGIN (implicit)
2026-02-08 18:19:37,120 INFO sqlalchemy.engine.Engine SELECT users.id, users.username, users.is_guest 
FROM users JOIN session_participants ON users.id = session_participants.user_id 
WHERE session_participants.session_id = $1::UUID
2026-02-08 18:19:37,120 INFO sqlalchemy.engine.Engine [generated in 0.00022s] (UUID('fd974b2d-3142-4d16-b2cc-a8b9d7c7ae19'),)
2026-02-08 18:19:37,120 INFO sqlalchemy.engine.Engine BEGIN (implicit)
2026-02-08 18:19:37,121 INFO sqlalchemy.engine.Engine SELECT users.id, users.username, users.is_guest 
FROM users JOIN session_participants ON users.id = session_participants.user_id 
WHERE session_participants.session_id = $1::UUID
2026-02-08 18:19:37,121 INFO sqlalchemy.engine.Engine [cached since 0.0009486s ago] (UUID('fd974b2d-3142-4d16-b2cc-a8b9d7c7ae19'),)
2026-02-08 18:19:37,121 INFO sqlalchemy.engine.Engine BEGIN (implicit)
2026-02-08 18:19:37,121 INFO sqlalchemy.engine.Engine SELECT users.id, users.username, users.is_guest 
FROM users JOIN session_participants ON users.id = session_participants.user_id 
WHERE session_participants.session_id = $1::UUID
2026-02-08 18:19:37,121 INFO sqlalchemy.engine.Engine [cached since 0.001392s ago] (UUID('fd974b2d-3142-4d16-b2cc-a8b9d7c7ae19'),)
2026-02-08 18:19:37,127 INFO sqlalchemy.engine.Engine SELECT taste_profiles.user_id AS taste_profiles_user_id, taste_profiles.id AS taste_profiles_id, taste_profiles.preferences AS taste_profiles_preferences, taste_profiles.daringness AS taste_profiles_daringness, taste_profiles.dietary_restrictions AS taste_profiles_dietary_restrictions 
FROM taste_profiles 
WHERE taste_profiles.user_id IN ($1::UUID, $2::UUID)
2026-02-08 18:19:37,127 INFO sqlalchemy.engine.Engine [generated in 0.00022s] (UUID('dea4ea33-ac7c-44ce-97ca-ec297b99dcdf'), UUID('96503553-f7ba-45f4-9a1a-fb433bdea07f'))
2026-02-08 18:19:37,127 INFO sqlalchemy.engine.Engine SELECT taste_profiles.user_id AS taste_profiles_user_id, taste_profiles.id AS taste_profiles_id, taste_profiles.preferences AS taste_profiles_preferences, taste_profiles.daringness AS taste_profiles_daringness, taste_profiles.dietary_restrictions AS taste_profiles_dietary_restrictions 
FROM taste_profiles 
WHERE taste_profiles.user_id IN ($1::UUID, $2::UUID)
2026-02-08 18:19:37,128 INFO sqlalchemy.engine.Engine [cached since 0.0009443s ago] (UUID('dea4ea33-ac7c-44ce-97ca-ec297b99dcdf'), UUID('96503553-f7ba-45f4-9a1a-fb433bdea07f'))
2026-02-08 18:19:37,128 INFO sqlalchemy.engine.Engine SELECT taste_profiles.user_id AS taste_profiles_user_id, taste_profiles.id AS taste_profiles_id, taste_profiles.preferences AS taste_profiles_preferences, taste_profiles.daringness AS taste_profiles_daringness, taste_profiles.dietary_restrictions AS taste_profiles_dietary_restrictions 
FROM taste_profiles 
WHERE taste_profiles.user_id IN ($1::UUID, $2::UUID)
2026-02-08 18:19:37,128 INFO sqlalchemy.engine.Engine [cached since 0.001505s ago] (UUID('dea4ea33-ac7c-44ce-97ca-ec297b99dcdf'), UUID('96503553-f7ba-45f4-9a1a-fb433bdea07f'))
INFO:     127.0.0.1:33648 - "GET /api/v1/sessions/fd974b2d-3142-4d16-b2cc-a8b9d7c7ae19/participants HTTP/1.1" 200 OK
2026-02-08 18:19:37,132 INFO sqlalchemy.engine.Engine ROLLBACK
2026-02-08 18:19:37,133 INFO sqlalchemy.engine.Engine ROLLBACK
2026-02-08 18:19:37,133 INFO sqlalchemy.engine.Engine ROLLBACK
2026-02-08 18:19:40,896 INFO sqlalchemy.engine.Engine BEGIN (implicit)
2026-02-08 18:19:40,896 INFO sqlalchemy.engine.Engine SELECT users.id, users.username, users.is_guest 
FROM users JOIN session_participants ON users.id = session_participants.user_id 
WHERE session_participants.session_id = $1::UUID
2026-02-08 18:19:40,896 INFO sqlalchemy.engine.Engine [cached since 3.776s ago] (UUID('fd974b2d-3142-4d16-b2cc-a8b9d7c7ae19'),)
2026-02-08 18:19:40,898 INFO sqlalchemy.engine.Engine SELECT taste_profiles.user_id AS taste_profiles_user_id, taste_profiles.id AS taste_profiles_id, taste_profiles.preferences AS taste_profiles_preferences, taste_profiles.daringness AS taste_profiles_daringness, taste_profiles.dietary_restrictions AS taste_profiles_dietary_restrictions 
FROM taste_profiles 
WHERE taste_profiles.user_id IN ($1::UUID, $2::UUID)
2026-02-08 18:19:40,898 INFO sqlalchemy.engine.Engine [cached since 3.771s ago] (UUID('dea4ea33-ac7c-44ce-97ca-ec297b99dcdf'), UUID('96503553-f7ba-45f4-9a1a-fb433bdea07f'))
INFO:     127.0.0.1:57130 - "GET /api/v1/sessions/fd974b2d-3142-4d16-b2cc-a8b9d7c7ae19/participants HTTP/1.1" 200 OK
2026-02-08 18:19:40,899 INFO sqlalchemy.engine.Engine ROLLBACK
WARNING:  WatchFiles detected changes in 'app/services/recommendation_service.py'. Reloading...
INFO:     Shutting down
INFO:     Waiting for application shutdown.
INFO:     Application shutdown complete.
INFO:     Finished server process [46824]
INFO:     Started server process [46965]
INFO:     Waiting for application startup.
INFO:     Application startup complete.
